2019-06-28 12:59:44 INFO  ConnectionUtil:42 - Connection successful
2019-06-30 12:16:18 INFO  UserRepositoryJDBC:88 - true
2019-06-30 12:42:05 INFO  UserRepositoryJDBC:112 - Users [id=0, firstName=EMPLOYEE, lastName=EMPLOYEE, email=MYEMPLOYEE@GMAIL.COM, username=EMPLOYEE, password=1234, role=null]
2019-06-30 12:49:54 INFO  UserRepositoryJDBC:114 - Users [id=2, firstName=EMPLOYEE, lastName=EMPLOYEE, email=MYEMPLOYEE@GMAIL.COM, username=EMPLOYEE, password=1234, role=Role [id=1, name=, description=]]
2019-06-30 14:10:50 ERROR UserRepositoryJDBC:127 - Exception, could not retrieve all users 
java.sql.SQLSyntaxErrorException: ORA-00904: "ER"."ER_I": invalid identifier

	at oracle.jdbc.driver.T4CTTIoer.processError(T4CTTIoer.java:450)
	at oracle.jdbc.driver.T4CTTIoer.processError(T4CTTIoer.java:399)
	at oracle.jdbc.driver.T4C8Oall.processError(T4C8Oall.java:1017)
	at oracle.jdbc.driver.T4CTTIfun.receive(T4CTTIfun.java:655)
	at oracle.jdbc.driver.T4CTTIfun.doRPC(T4CTTIfun.java:249)
	at oracle.jdbc.driver.T4C8Oall.doOALL(T4C8Oall.java:566)
	at oracle.jdbc.driver.T4CPreparedStatement.doOall8(T4CPreparedStatement.java:215)
	at oracle.jdbc.driver.T4CPreparedStatement.doOall8(T4CPreparedStatement.java:58)
	at oracle.jdbc.driver.T4CPreparedStatement.executeForDescribe(T4CPreparedStatement.java:776)
	at oracle.jdbc.driver.OracleStatement.executeMaybeDescribe(OracleStatement.java:897)
	at oracle.jdbc.driver.OracleStatement.doExecuteWithTimeout(OracleStatement.java:1034)
	at oracle.jdbc.driver.OraclePreparedStatement.executeInternal(OraclePreparedStatement.java:3820)
	at oracle.jdbc.driver.OraclePreparedStatement.executeQuery(OraclePreparedStatement.java:3867)
	at oracle.jdbc.driver.OraclePreparedStatementWrapper.executeQuery(OraclePreparedStatementWrapper.java:1502)
	at com.revature.repository.UserRepositoryJDBC.viewAllEmployees(UserRepositoryJDBC.java:110)
	at com.revature.repository.UserRepositoryJDBC.main(UserRepositoryJDBC.java:141)
2019-06-30 14:10:50 INFO  UserRepositoryJDBC:141 - 
2019-06-30 14:11:31 ERROR UserRepositoryJDBC:127 - Exception, could not retrieve all users 
java.sql.SQLSyntaxErrorException: ORA-00904: "ER"."ER_I": invalid identifier

	at oracle.jdbc.driver.T4CTTIoer.processError(T4CTTIoer.java:450)
	at oracle.jdbc.driver.T4CTTIoer.processError(T4CTTIoer.java:399)
	at oracle.jdbc.driver.T4C8Oall.processError(T4C8Oall.java:1017)
	at oracle.jdbc.driver.T4CTTIfun.receive(T4CTTIfun.java:655)
	at oracle.jdbc.driver.T4CTTIfun.doRPC(T4CTTIfun.java:249)
	at oracle.jdbc.driver.T4C8Oall.doOALL(T4C8Oall.java:566)
	at oracle.jdbc.driver.T4CPreparedStatement.doOall8(T4CPreparedStatement.java:215)
	at oracle.jdbc.driver.T4CPreparedStatement.doOall8(T4CPreparedStatement.java:58)
	at oracle.jdbc.driver.T4CPreparedStatement.executeForDescribe(T4CPreparedStatement.java:776)
	at oracle.jdbc.driver.OracleStatement.executeMaybeDescribe(OracleStatement.java:897)
	at oracle.jdbc.driver.OracleStatement.doExecuteWithTimeout(OracleStatement.java:1034)
	at oracle.jdbc.driver.OraclePreparedStatement.executeInternal(OraclePreparedStatement.java:3820)
	at oracle.jdbc.driver.OraclePreparedStatement.executeQuery(OraclePreparedStatement.java:3867)
	at oracle.jdbc.driver.OraclePreparedStatementWrapper.executeQuery(OraclePreparedStatementWrapper.java:1502)
	at com.revature.repository.UserRepositoryJDBC.viewAllEmployees(UserRepositoryJDBC.java:110)
	at com.revature.repository.UserRepositoryJDBC.main(UserRepositoryJDBC.java:141)
2019-06-30 14:11:31 INFO  UserRepositoryJDBC:141 - 
2019-06-30 14:12:25 ERROR UserRepositoryJDBC:127 - Exception, could not retrieve all users 
java.sql.SQLSyntaxErrorException: ORA-00904: "ER"."ER_I": invalid identifier

	at oracle.jdbc.driver.T4CTTIoer.processError(T4CTTIoer.java:450)
	at oracle.jdbc.driver.T4CTTIoer.processError(T4CTTIoer.java:399)
	at oracle.jdbc.driver.T4C8Oall.processError(T4C8Oall.java:1017)
	at oracle.jdbc.driver.T4CTTIfun.receive(T4CTTIfun.java:655)
	at oracle.jdbc.driver.T4CTTIfun.doRPC(T4CTTIfun.java:249)
	at oracle.jdbc.driver.T4C8Oall.doOALL(T4C8Oall.java:566)
	at oracle.jdbc.driver.T4CPreparedStatement.doOall8(T4CPreparedStatement.java:215)
	at oracle.jdbc.driver.T4CPreparedStatement.doOall8(T4CPreparedStatement.java:58)
	at oracle.jdbc.driver.T4CPreparedStatement.executeForDescribe(T4CPreparedStatement.java:776)
	at oracle.jdbc.driver.OracleStatement.executeMaybeDescribe(OracleStatement.java:897)
	at oracle.jdbc.driver.OracleStatement.doExecuteWithTimeout(OracleStatement.java:1034)
	at oracle.jdbc.driver.OraclePreparedStatement.executeInternal(OraclePreparedStatement.java:3820)
	at oracle.jdbc.driver.OraclePreparedStatement.executeQuery(OraclePreparedStatement.java:3867)
	at oracle.jdbc.driver.OraclePreparedStatementWrapper.executeQuery(OraclePreparedStatementWrapper.java:1502)
	at com.revature.repository.UserRepositoryJDBC.viewAllEmployees(UserRepositoryJDBC.java:110)
	at com.revature.repository.UserRepositoryJDBC.main(UserRepositoryJDBC.java:141)
2019-06-30 14:12:25 INFO  UserRepositoryJDBC:141 - 
2019-06-30 14:14:03 ERROR UserRepositoryJDBC:127 - Exception, could not retrieve all users 
java.sql.SQLSyntaxErrorException: ORA-00904: "ER"."ER_I": invalid identifier

	at oracle.jdbc.driver.T4CTTIoer.processError(T4CTTIoer.java:450)
	at oracle.jdbc.driver.T4CTTIoer.processError(T4CTTIoer.java:399)
	at oracle.jdbc.driver.T4C8Oall.processError(T4C8Oall.java:1017)
	at oracle.jdbc.driver.T4CTTIfun.receive(T4CTTIfun.java:655)
	at oracle.jdbc.driver.T4CTTIfun.doRPC(T4CTTIfun.java:249)
	at oracle.jdbc.driver.T4C8Oall.doOALL(T4C8Oall.java:566)
	at oracle.jdbc.driver.T4CPreparedStatement.doOall8(T4CPreparedStatement.java:215)
	at oracle.jdbc.driver.T4CPreparedStatement.doOall8(T4CPreparedStatement.java:58)
	at oracle.jdbc.driver.T4CPreparedStatement.executeForDescribe(T4CPreparedStatement.java:776)
	at oracle.jdbc.driver.OracleStatement.executeMaybeDescribe(OracleStatement.java:897)
	at oracle.jdbc.driver.OracleStatement.doExecuteWithTimeout(OracleStatement.java:1034)
	at oracle.jdbc.driver.OraclePreparedStatement.executeInternal(OraclePreparedStatement.java:3820)
	at oracle.jdbc.driver.OraclePreparedStatement.executeQuery(OraclePreparedStatement.java:3867)
	at oracle.jdbc.driver.OraclePreparedStatementWrapper.executeQuery(OraclePreparedStatementWrapper.java:1502)
	at com.revature.repository.UserRepositoryJDBC.viewAllEmployees(UserRepositoryJDBC.java:110)
	at com.revature.repository.UserRepositoryJDBC.main(UserRepositoryJDBC.java:141)
2019-06-30 14:14:03 INFO  UserRepositoryJDBC:141 - 
2019-06-30 14:14:43 INFO  UserRepositoryJDBC:141 - [Users [id=21, firstName=TEST, lastName=TEST, email=TEST, username=TEST, password=null, role=Role [id=0, name=EMPLOYEE, description=]], Users [id=2, firstName=EMPLOYEE, lastName=EMPLOYEE, email=MYEMPLOYEE@GMAIL.COM, username=EMPLOYEE, password=null, role=Role [id=0, name=EMPLOYEE, description=]]]
2019-06-30 14:23:54 INFO  UserRepositoryJDBC:135 - true
2019-06-30 14:24:11 INFO  UserRepositoryJDBC:141 - [Users [id=21, firstName=TEST, lastName=TEST, email=TEST, username=TEST, password=null, role=Role [id=0, name=EMPLOYEE, description=]], Users [id=41, firstName=TEST2, lastName=TEST2, email=TEST2, username=TEST2, password=null, role=Role [id=0, name=EMPLOYEE, description=]], Users [id=2, firstName=EMPLOYEE, lastName=EMPLOYEE, email=MYEMPLOYEE@GMAIL.COM, username=EMPLOYEE, password=null, role=Role [id=0, name=EMPLOYEE, description=]]]
2019-06-30 14:41:51 INFO  UserRepositoryJDBC:165 - true
2019-06-30 14:43:05 INFO  UserRepositoryJDBC:162 - [Users [id=21, firstName=UPDATE, lastName=UPDATE, email=UPDATE@MAIL.COM, username=UPDATE, password=null, role=Role [id=0, name=EMPLOYEE, description=null]], Users [id=41, firstName=Jonh, lastName=Jonh, email=jonh@gmail.com, username=JONH, password=null, role=Role [id=0, name=EMPLOYEE, description=null]], Users [id=2, firstName=EMPLOYEE, lastName=EMPLOYEE, email=MYEMPLOYEE@GMAIL.COM, username=EMPLOYEE, password=null, role=Role [id=0, name=EMPLOYEE, description=null]]]
2019-06-30 17:09:45 INFO  UserRepositoryJDBC:105 - true
2019-06-30 17:49:05 ERROR UserRepositoryJDBC:99 - Exception, could not retreive requests 
java.sql.SQLException: Invalid column index
	at oracle.jdbc.driver.OraclePreparedStatement.setIntInternal(OraclePreparedStatement.java:5223)
	at oracle.jdbc.driver.OraclePreparedStatement.setInt(OraclePreparedStatement.java:5210)
	at oracle.jdbc.driver.OraclePreparedStatementWrapper.setInt(OraclePreparedStatementWrapper.java:209)
	at com.revature.repository.RequestRepositoryJDBC.viewPendingRequest(RequestRepositoryJDBC.java:81)
	at com.revature.repository.RequestRepositoryJDBC.main(RequestRepositoryJDBC.java:141)
2019-06-30 17:49:05 INFO  UserRepositoryJDBC:141 - 
2019-06-30 17:51:01 INFO  UserRepositoryJDBC:141 - [Request [id=1, timestamp=2019-06-29, amount=250.0, description=TRAVEL REIMBURSEMENT, user=null, status=Status [id=0, name=PENDING, description=]], Request [id=22, timestamp=2019-06-30, amount=300.0, description=New request, user=null, status=Status [id=0, name=PENDING, description=]]]
2019-06-30 18:00:39 INFO  UserRepositoryJDBC:141 - [Request [id=1, timestamp=2019-06-29, amount=250.0, description=TRAVEL REIMBURSEMENT, user=null, status=Status [id=0, name=PENDING, description=]], Request [id=22, timestamp=2019-06-30, amount=300.0, description=New request, user=null, status=Status [id=0, name=PENDING, description=]]]
2019-06-30 18:01:13 INFO  UserRepositoryJDBC:141 - []
2019-06-30 18:04:42 INFO  UserRepositoryJDBC:172 - [Request [id=1, timestamp=2019-06-29, amount=250.0, description=TRAVEL REIMBURSEMENT, user=null, status=Status [id=0, name=APPROVED, description=]], Request [id=22, timestamp=2019-06-30, amount=300.0, description=New request, user=null, status=Status [id=0, name=APPROVED, description=]]]
2019-06-30 18:08:48 INFO  UserRepositoryJDBC:172 - [Request [id=1, timestamp=2019-06-29, amount=250.0, description=TRAVEL REIMBURSEMENT, user=null, status=Status [id=0, name=APPROVED, description=]], Request [id=22, timestamp=2019-06-30, amount=300.0, description=New request, user=null, status=Status [id=0, name=DENIED, description=]]]
2019-06-30 18:44:05 INFO  UserRepositoryJDBC:218 - true
2019-06-30 18:44:06 INFO  UserRepositoryJDBC:219 - true
2019-06-30 18:44:06 INFO  UserRepositoryJDBC:220 - true
2019-06-30 18:44:24 INFO  UserRepositoryJDBC:218 - true
2019-06-30 18:44:25 INFO  UserRepositoryJDBC:219 - true
2019-06-30 18:44:25 INFO  UserRepositoryJDBC:220 - true
2019-06-30 18:45:38 INFO  UserRepositoryJDBC:227 - [Request [id=21, timestamp=2019-06-30, amount=500.0, description=TRAVEL REIMBURSEMENT, user=null, status=Status [id=0, name=PENDING, description=]], Request [id=41, timestamp=2019-06-30, amount=300.0, description=New request, user=null, status=Status [id=0, name=PENDING, description=]], Request [id=42, timestamp=2019-06-30, amount=300.0, description=New request, user=null, status=Status [id=0, name=PENDING, description=]], Request [id=43, timestamp=2019-06-30, amount=300.0, description=New request, user=null, status=Status [id=0, name=PENDING, description=]], Request [id=44, timestamp=2019-06-30, amount=300.0, description=New request, user=null, status=Status [id=0, name=PENDING, description=]], Request [id=45, timestamp=2019-06-30, amount=300.0, description=New request, user=null, status=Status [id=0, name=PENDING, description=]], Request [id=46, timestamp=2019-06-30, amount=300.0, description=New request, user=null, status=Status [id=0, name=PENDING, description=]]]
2019-06-30 18:47:00 INFO  UserRepositoryJDBC:230 - [Request [id=1, timestamp=2019-06-29, amount=250.0, description=TRAVEL REIMBURSEMENT, user=null, status=Status [id=0, name=APPROVED, description=]], Request [id=22, timestamp=2019-06-30, amount=300.0, description=New request, user=null, status=Status [id=0, name=DENIED, description=]]]
2019-06-30 18:47:50 INFO  UserRepositoryJDBC:230 - [Request [id=1, timestamp=2019-06-29, amount=250.0, description=TRAVEL REIMBURSEMENT, user=null, status=Status [id=0, name=APPROVED, description=]], Request [id=22, timestamp=2019-06-30, amount=300.0, description=New request, user=null, status=Status [id=0, name=DENIED, description=]], Request [id=43, timestamp=2019-06-30, amount=300.0, description=New request, user=null, status=Status [id=0, name=DENIED, description=]], Request [id=46, timestamp=2019-06-30, amount=300.0, description=New request, user=null, status=Status [id=0, name=DENIED, description=]]]
2019-06-30 19:33:41 INFO  UserRepositoryJDBC:221 - []
2019-06-30 19:33:41 INFO  UserRepositoryJDBC:224 - [Request [id=1, timestamp=2019-06-29, amount=250.0, description=TRAVEL REIMBURSEMENT, user=null, status=Status [id=0, name=APPROVED, description=]], Request [id=22, timestamp=2019-06-30, amount=300.0, description=New request, user=null, status=Status [id=0, name=DENIED, description=]]]
2019-06-30 19:33:41 INFO  UserRepositoryJDBC:227 - [Request [id=21, timestamp=2019-06-30, amount=500.0, description=TRAVEL REIMBURSEMENT, user=null, status=Status [id=0, name=PENDING, description=]], Request [id=41, timestamp=2019-06-30, amount=300.0, description=New request, user=null, status=Status [id=0, name=PENDING, description=]], Request [id=42, timestamp=2019-06-30, amount=300.0, description=New request, user=null, status=Status [id=0, name=PENDING, description=]], Request [id=44, timestamp=2019-06-30, amount=300.0, description=New request, user=null, status=Status [id=0, name=PENDING, description=]], Request [id=45, timestamp=2019-06-30, amount=300.0, description=New request, user=null, status=Status [id=0, name=PENDING, description=]]]
2019-06-30 19:33:42 INFO  UserRepositoryJDBC:230 - [Request [id=1, timestamp=2019-06-29, amount=250.0, description=TRAVEL REIMBURSEMENT, user=null, status=Status [id=0, name=APPROVED, description=]], Request [id=22, timestamp=2019-06-30, amount=300.0, description=New request, user=null, status=Status [id=0, name=DENIED, description=]], Request [id=43, timestamp=2019-06-30, amount=300.0, description=New request, user=null, status=Status [id=0, name=DENIED, description=]], Request [id=46, timestamp=2019-06-30, amount=300.0, description=New request, user=null, status=Status [id=0, name=DENIED, description=]]]
2019-06-30 19:35:12 INFO  UserRepositoryJDBC:221 - [Request [id=21, timestamp=2019-06-30, amount=500.0, description=TRAVEL REIMBURSEMENT, user=null, status=Status [id=0, name=PENDING, description=]], Request [id=41, timestamp=2019-06-30, amount=300.0, description=New request, user=null, status=Status [id=0, name=PENDING, description=]], Request [id=42, timestamp=2019-06-30, amount=300.0, description=New request, user=null, status=Status [id=0, name=PENDING, description=]]]
2019-06-30 19:35:13 INFO  UserRepositoryJDBC:224 - [Request [id=1, timestamp=2019-06-29, amount=250.0, description=TRAVEL REIMBURSEMENT, user=null, status=Status [id=0, name=APPROVED, description=]], Request [id=22, timestamp=2019-06-30, amount=300.0, description=New request, user=null, status=Status [id=0, name=DENIED, description=]]]
2019-06-30 19:35:13 INFO  UserRepositoryJDBC:227 - [Request [id=21, timestamp=2019-06-30, amount=500.0, description=TRAVEL REIMBURSEMENT, user=null, status=Status [id=0, name=PENDING, description=]], Request [id=41, timestamp=2019-06-30, amount=300.0, description=New request, user=null, status=Status [id=0, name=PENDING, description=]], Request [id=42, timestamp=2019-06-30, amount=300.0, description=New request, user=null, status=Status [id=0, name=PENDING, description=]], Request [id=44, timestamp=2019-06-30, amount=300.0, description=New request, user=null, status=Status [id=0, name=PENDING, description=]], Request [id=45, timestamp=2019-06-30, amount=300.0, description=New request, user=null, status=Status [id=0, name=PENDING, description=]]]
2019-06-30 19:35:13 INFO  UserRepositoryJDBC:230 - [Request [id=1, timestamp=2019-06-29, amount=250.0, description=TRAVEL REIMBURSEMENT, user=null, status=Status [id=0, name=APPROVED, description=]], Request [id=22, timestamp=2019-06-30, amount=300.0, description=New request, user=null, status=Status [id=0, name=DENIED, description=]], Request [id=43, timestamp=2019-06-30, amount=300.0, description=New request, user=null, status=Status [id=0, name=DENIED, description=]], Request [id=46, timestamp=2019-06-30, amount=300.0, description=New request, user=null, status=Status [id=0, name=DENIED, description=]]]
2019-06-30 19:36:57 INFO  UserRepositoryJDBC:222 - [Request [id=21, timestamp=2019-06-30, amount=500.0, description=TRAVEL REIMBURSEMENT, user=Users [id=0, firstName=UPDATE, lastName=null, email=null, username=null, password=null, role=null], status=Status [id=0, name=PENDING, description=]], Request [id=41, timestamp=2019-06-30, amount=300.0, description=New request, user=Users [id=0, firstName=UPDATE, lastName=null, email=null, username=null, password=null, role=null], status=Status [id=0, name=PENDING, description=]], Request [id=42, timestamp=2019-06-30, amount=300.0, description=New request, user=Users [id=0, firstName=UPDATE, lastName=null, email=null, username=null, password=null, role=null], status=Status [id=0, name=PENDING, description=]]]
2019-07-01 09:54:16 ERROR UserRepositoryJDBC:238 - Exception, could not retreive requests 
java.sql.SQLException: Invalid column name
	at oracle.jdbc.driver.OracleStatement.getColumnIndex(OracleStatement.java:3965)
	at oracle.jdbc.driver.InsensitiveScrollableResultSet.findColumn(InsensitiveScrollableResultSet.java:299)
	at oracle.jdbc.driver.GeneratedResultSet.getString(GeneratedResultSet.java:1460)
	at com.revature.repository.RequestRepositoryJDBC.viewAllRequestsOfAnSpecificEmployee(RequestRepositoryJDBC.java:232)
	at com.revature.repository.RequestRepositoryJDBC.main(RequestRepositoryJDBC.java:262)
2019-07-01 09:54:16 INFO  UserRepositoryJDBC:262 - 
2019-07-01 09:55:22 ERROR UserRepositoryJDBC:238 - Exception, could not retreive requests 
java.sql.SQLException: Invalid column name
	at oracle.jdbc.driver.OracleStatement.getColumnIndex(OracleStatement.java:3965)
	at oracle.jdbc.driver.InsensitiveScrollableResultSet.findColumn(InsensitiveScrollableResultSet.java:299)
	at oracle.jdbc.driver.GeneratedResultSet.getString(GeneratedResultSet.java:1460)
	at com.revature.repository.RequestRepositoryJDBC.viewAllRequestsOfAnSpecificEmployee(RequestRepositoryJDBC.java:232)
	at com.revature.repository.RequestRepositoryJDBC.main(RequestRepositoryJDBC.java:262)
2019-07-01 09:55:22 INFO  UserRepositoryJDBC:262 - 
2019-07-01 09:56:28 ERROR UserRepositoryJDBC:238 - Exception, could not retreive requests 
java.sql.SQLException: Invalid column name
	at oracle.jdbc.driver.OracleStatement.getColumnIndex(OracleStatement.java:3965)
	at oracle.jdbc.driver.InsensitiveScrollableResultSet.findColumn(InsensitiveScrollableResultSet.java:299)
	at oracle.jdbc.driver.GeneratedResultSet.getString(GeneratedResultSet.java:1460)
	at com.revature.repository.RequestRepositoryJDBC.viewAllRequestsOfAnSpecificEmployee(RequestRepositoryJDBC.java:232)
	at com.revature.repository.RequestRepositoryJDBC.main(RequestRepositoryJDBC.java:262)
2019-07-01 09:56:28 INFO  UserRepositoryJDBC:262 - 
2019-07-01 09:58:10 ERROR UserRepositoryJDBC:238 - Exception, could not retreive requests 
java.sql.SQLException: Invalid column name
	at oracle.jdbc.driver.OracleStatement.getColumnIndex(OracleStatement.java:3965)
	at oracle.jdbc.driver.InsensitiveScrollableResultSet.findColumn(InsensitiveScrollableResultSet.java:299)
	at oracle.jdbc.driver.GeneratedResultSet.getString(GeneratedResultSet.java:1460)
	at com.revature.repository.RequestRepositoryJDBC.viewAllRequestsOfAnSpecificEmployee(RequestRepositoryJDBC.java:232)
	at com.revature.repository.RequestRepositoryJDBC.main(RequestRepositoryJDBC.java:262)
2019-07-01 09:58:10 INFO  UserRepositoryJDBC:262 - 
2019-07-01 09:58:46 INFO  UserRepositoryJDBC:250 - [Request [id=21, timestamp=2019-06-30, amount=500.0, description=TRAVEL REIMBURSEMENT, user=Users [id=0, firstName=UPDATE, lastName=null, email=null, username=null, password=null, role=null], status=Status [id=0, name=PENDING, description=]], Request [id=41, timestamp=2019-06-30, amount=300.0, description=New request, user=Users [id=0, firstName=UPDATE, lastName=null, email=null, username=null, password=null, role=null], status=Status [id=0, name=PENDING, description=]], Request [id=42, timestamp=2019-06-30, amount=300.0, description=New request, user=Users [id=0, firstName=UPDATE, lastName=null, email=null, username=null, password=null, role=null], status=Status [id=0, name=PENDING, description=]]]
2019-07-01 09:58:46 ERROR UserRepositoryJDBC:238 - Exception, could not retreive requests 
java.sql.SQLException: Invalid column name
	at oracle.jdbc.driver.OracleStatement.getColumnIndex(OracleStatement.java:3965)
	at oracle.jdbc.driver.InsensitiveScrollableResultSet.findColumn(InsensitiveScrollableResultSet.java:299)
	at oracle.jdbc.driver.GeneratedResultSet.getString(GeneratedResultSet.java:1460)
	at com.revature.repository.RequestRepositoryJDBC.viewAllRequestsOfAnSpecificEmployee(RequestRepositoryJDBC.java:232)
	at com.revature.repository.RequestRepositoryJDBC.main(RequestRepositoryJDBC.java:262)
2019-07-01 09:58:46 INFO  UserRepositoryJDBC:262 - 
2019-07-01 10:00:06 ERROR UserRepositoryJDBC:240 - Exception, could not retreive requests 
java.sql.SQLException: Invalid column name
	at oracle.jdbc.driver.OracleStatement.getColumnIndex(OracleStatement.java:3965)
	at oracle.jdbc.driver.InsensitiveScrollableResultSet.findColumn(InsensitiveScrollableResultSet.java:299)
	at oracle.jdbc.driver.GeneratedResultSet.getString(GeneratedResultSet.java:1460)
	at com.revature.repository.RequestRepositoryJDBC.viewAllRequestsOfAnSpecificEmployee(RequestRepositoryJDBC.java:232)
	at com.revature.repository.RequestRepositoryJDBC.main(RequestRepositoryJDBC.java:264)
2019-07-01 10:00:06 INFO  UserRepositoryJDBC:264 - 
2019-07-01 10:01:37 ERROR UserRepositoryJDBC:240 - Exception, could not retreive requests 
java.sql.SQLException: Invalid column name
	at oracle.jdbc.driver.OracleStatement.getColumnIndex(OracleStatement.java:3965)
	at oracle.jdbc.driver.InsensitiveScrollableResultSet.findColumn(InsensitiveScrollableResultSet.java:299)
	at oracle.jdbc.driver.GeneratedResultSet.getString(GeneratedResultSet.java:1460)
	at com.revature.repository.RequestRepositoryJDBC.viewAllRequestsOfAnSpecificEmployee(RequestRepositoryJDBC.java:232)
	at com.revature.repository.RequestRepositoryJDBC.main(RequestRepositoryJDBC.java:264)
2019-07-01 10:01:37 INFO  UserRepositoryJDBC:264 - 
2019-07-01 10:01:54 ERROR UserRepositoryJDBC:240 - Exception, could not retreive requests 
java.sql.SQLException: Invalid column name
	at oracle.jdbc.driver.OracleStatement.getColumnIndex(OracleStatement.java:3965)
	at oracle.jdbc.driver.InsensitiveScrollableResultSet.findColumn(InsensitiveScrollableResultSet.java:299)
	at oracle.jdbc.driver.GeneratedResultSet.getString(GeneratedResultSet.java:1460)
	at com.revature.repository.RequestRepositoryJDBC.viewAllRequestsOfAnSpecificEmployee(RequestRepositoryJDBC.java:232)
	at com.revature.repository.RequestRepositoryJDBC.main(RequestRepositoryJDBC.java:264)
2019-07-01 10:01:54 INFO  UserRepositoryJDBC:264 - 
2019-07-01 10:02:42 ERROR UserRepositoryJDBC:240 - Exception, could not retreive requests 
java.sql.SQLException: Invalid column name
	at oracle.jdbc.driver.OracleStatement.getColumnIndex(OracleStatement.java:3965)
	at oracle.jdbc.driver.InsensitiveScrollableResultSet.findColumn(InsensitiveScrollableResultSet.java:299)
	at oracle.jdbc.driver.GeneratedResultSet.getString(GeneratedResultSet.java:1460)
	at com.revature.repository.RequestRepositoryJDBC.viewAllRequestsOfAnSpecificEmployee(RequestRepositoryJDBC.java:232)
	at com.revature.repository.RequestRepositoryJDBC.main(RequestRepositoryJDBC.java:264)
2019-07-01 10:02:42 INFO  UserRepositoryJDBC:264 - 
2019-07-01 10:03:33 ERROR UserRepositoryJDBC:240 - Exception, could not retreive requests 
java.sql.SQLException: Invalid column name
	at oracle.jdbc.driver.OracleStatement.getColumnIndex(OracleStatement.java:3965)
	at oracle.jdbc.driver.InsensitiveScrollableResultSet.findColumn(InsensitiveScrollableResultSet.java:299)
	at oracle.jdbc.driver.GeneratedResultSet.getString(GeneratedResultSet.java:1460)
	at com.revature.repository.RequestRepositoryJDBC.viewAllRequestsOfAnSpecificEmployee(RequestRepositoryJDBC.java:232)
	at com.revature.repository.RequestRepositoryJDBC.main(RequestRepositoryJDBC.java:264)
2019-07-01 10:03:33 INFO  UserRepositoryJDBC:264 - 
2019-07-01 10:04:44 ERROR UserRepositoryJDBC:240 - Exception, could not retreive requests 
java.sql.SQLException: Invalid column name
	at oracle.jdbc.driver.OracleStatement.getColumnIndex(OracleStatement.java:3965)
	at oracle.jdbc.driver.InsensitiveScrollableResultSet.findColumn(InsensitiveScrollableResultSet.java:299)
	at oracle.jdbc.driver.GeneratedResultSet.getString(GeneratedResultSet.java:1460)
	at com.revature.repository.RequestRepositoryJDBC.viewAllRequestsOfAnSpecificEmployee(RequestRepositoryJDBC.java:232)
	at com.revature.repository.RequestRepositoryJDBC.main(RequestRepositoryJDBC.java:264)
2019-07-01 10:04:44 INFO  UserRepositoryJDBC:264 - 
2019-07-01 10:06:15 ERROR UserRepositoryJDBC:240 - Exception, could not retreive requests 
java.sql.SQLException: Invalid column name
	at oracle.jdbc.driver.OracleStatement.getColumnIndex(OracleStatement.java:3965)
	at oracle.jdbc.driver.InsensitiveScrollableResultSet.findColumn(InsensitiveScrollableResultSet.java:299)
	at oracle.jdbc.driver.GeneratedResultSet.getString(GeneratedResultSet.java:1460)
	at com.revature.repository.RequestRepositoryJDBC.viewAllRequestsOfAnSpecificEmployee(RequestRepositoryJDBC.java:232)
	at com.revature.repository.RequestRepositoryJDBC.main(RequestRepositoryJDBC.java:264)
2019-07-01 10:06:15 INFO  UserRepositoryJDBC:264 - 
2019-07-01 10:07:14 ERROR UserRepositoryJDBC:240 - Exception, could not retreive requests 
java.sql.SQLException: Invalid column name
	at oracle.jdbc.driver.OracleStatement.getColumnIndex(OracleStatement.java:3965)
	at oracle.jdbc.driver.InsensitiveScrollableResultSet.findColumn(InsensitiveScrollableResultSet.java:299)
	at oracle.jdbc.driver.GeneratedResultSet.getString(GeneratedResultSet.java:1460)
	at com.revature.repository.RequestRepositoryJDBC.viewAllRequestsOfAnSpecificEmployee(RequestRepositoryJDBC.java:232)
	at com.revature.repository.RequestRepositoryJDBC.main(RequestRepositoryJDBC.java:264)
2019-07-01 10:07:14 INFO  UserRepositoryJDBC:264 - 
2019-07-01 10:08:02 INFO  UserRepositoryJDBC:264 - [Request [id=21, timestamp=2019-06-30, amount=500.0, description=TRAVEL REIMBURSEMENT, user=Users [id=0, firstName=UPDATE, lastName=, email=, username=, password=, role=null], status=Status [id=0, name=PENDING, description=]], Request [id=41, timestamp=2019-06-30, amount=300.0, description=New request, user=Users [id=0, firstName=UPDATE, lastName=, email=, username=, password=, role=null], status=Status [id=0, name=PENDING, description=]], Request [id=42, timestamp=2019-06-30, amount=300.0, description=New request, user=Users [id=0, firstName=UPDATE, lastName=, email=, username=, password=, role=null], status=Status [id=0, name=PENDING, description=]]]
2019-07-01 10:08:48 INFO  UserRepositoryJDBC:264 - [Request [id=21, timestamp=2019-06-30, amount=500.0, description=TRAVEL REIMBURSEMENT, user=Users [id=0, firstName=UPDATE, lastName=, email=, username=, password=, role=null], status=Status [id=0, name=PENDING, description=]], Request [id=41, timestamp=2019-06-30, amount=300.0, description=New request, user=Users [id=0, firstName=UPDATE, lastName=, email=, username=, password=, role=null], status=Status [id=0, name=PENDING, description=]], Request [id=42, timestamp=2019-06-30, amount=300.0, description=New request, user=Users [id=0, firstName=UPDATE, lastName=, email=, username=, password=, role=null], status=Status [id=0, name=PENDING, description=]], Request [id=43, timestamp=2019-06-30, amount=300.0, description=New request, user=Users [id=0, firstName=UPDATE, lastName=, email=, username=, password=, role=null], status=Status [id=0, name=DENIED, description=]]]
2019-07-01 10:11:07 INFO  UserRepositoryJDBC:264 - [Request [id=21, timestamp=2019-06-30, amount=500.0, description=TRAVEL REIMBURSEMENT, user=Users [id=0, firstName=LESLYE, lastName=, email=, username=, password=, role=null], status=Status [id=0, name=PENDING, description=]], Request [id=41, timestamp=2019-06-30, amount=300.0, description=New request, user=Users [id=0, firstName=LESLYE, lastName=, email=, username=, password=, role=null], status=Status [id=0, name=PENDING, description=]], Request [id=42, timestamp=2019-06-30, amount=300.0, description=New request, user=Users [id=0, firstName=LESLYE, lastName=, email=, username=, password=, role=null], status=Status [id=0, name=PENDING, description=]], Request [id=43, timestamp=2019-06-30, amount=300.0, description=New request, user=Users [id=0, firstName=LESLYE, lastName=, email=, username=, password=, role=null], status=Status [id=0, name=DENIED, description=]]]
2019-07-01 11:14:34 INFO  UserRepositoryJDBC:282 - true
2019-07-06 11:13:02 INFO  UserRepositoryJDBC:159 - Users [id=2, firstName=EMPLOYEE, lastName=EMPLOYEE, email=MYEMPLOYEE@GMAIL.COM, username=EMPLOYEE, password=1234, role=Role [id=1, name=, description=]]
